<?xml version="1.0" encoding="UTF-8"?>
<!-- Generated by org.testng.reporters.JUnitXMLReporter -->
<testsuite ignored="0" hostname="SARAS-CNB01" failures="0" tests="5" name="Default test" time="50.012" errors="0" timestamp="2023-06-25T09:28:58 PDT">
  <testcase classname="com.test.tests.TekarchApiTestScriptE2E" name="validLogin" time="3.265"/>
  <testcase classname="com.test.tests.TekarchApiTestScriptE2E" name="createUserData" time="0.98"/>
  <testcase classname="com.test.tests.TekarchApiTestScriptE2E" name="getuserData" time="14.023"/>
  <testcase classname="com.test.tests.TekarchApiTestScriptE2E" name="updateuserData" time="15.014"/>
  <testcase classname="com.test.tests.TekarchApiTestScriptE2E" name="deleteuserData" time="15.462"/>
</testsuite> <!-- Default test -->
