<?xml version="1.0" encoding="UTF-8"?>
<!-- Generated by org.testng.reporters.JUnitXMLReporter -->
<testsuite ignored="0" hostname="SARAS-CNB01" failures="1" tests="5" name="Test" time="6.276" errors="0" timestamp="2023-06-25T09:11:06 PDT">
  <testcase classname="com.test.tests.TekarchApiTestScriptE2E" name="validLogin" time="3.267"/>
  <testcase classname="com.test.tests.TekarchApiTestScriptE2E" name="createUserData" time="0.858"/>
  <testcase classname="com.test.tests.TekarchApiTestScriptE2E" name="getuserData" time="0.002">
    <failure type="java.lang.NullPointerException">
      <![CDATA[java.lang.NullPointerException
at com.test.helpers.UserServiceBase.getUserData(UserServiceBase.java:98)
at com.test.tests.TekarchApiTestScriptE2E.getuserData(TekarchApiTestScriptE2E.java:74)
at java.base/java.util.ArrayList.forEach(ArrayList.java:1540)
... Removed 27 stack frames]]>
    </failure>
  </testcase> <!-- getuserData -->
  <testcase classname="com.test.tests.TekarchApiTestScriptE2E" name="updateuserData" time="0.001">
    <skipped/>
  </testcase> <!-- updateuserData -->
  <testcase classname="com.test.tests.TekarchApiTestScriptE2E" name="deleteuserData" time="0.0">
    <skipped/>
  </testcase> <!-- deleteuserData -->
</testsuite> <!-- Test -->
